<?xml version="1.0" encoding="UTF-8"?>
<!-- Generated by org.testng.reporters.JUnitReportReporter -->
<testsuite skipped="0" hostname="apples-MacBook-Pro.local" name="com.MyCompany.SeleniumTests.HandleFileUpload" tests="1" failures="0" timestamp="2021-07-23T10:14:07 IST" time="29.839" errors="0">
  <testcase name="loginAsAdmin" time="29.839" classname="com.MyCompany.SeleniumTests.HandleFileUpload"/>
</testsuite> <!-- com.MyCompany.SeleniumTests.HandleFileUpload -->
