<?xml version="1.0" encoding="UTF-8"?>
<!-- Generated by org.testng.reporters.JUnitReportReporter -->
<testsuite skipped="0" hostname="apples-MacBook-Pro.local" name="com.MyCompany.SeleniumTests.ElementVerifivations" tests="1" failures="0" timestamp="2021-06-26T11:21:43 IST" time="7.675" errors="0">
  <testcase name="verifyCheckboxes" time="7.675" classname="com.MyCompany.SeleniumTests.ElementVerifivations"/>
</testsuite> <!-- com.MyCompany.SeleniumTests.ElementVerifivations -->
