<?xml version="1.0" encoding="UTF-8"?>
<!-- Generated by org.testng.reporters.JUnitReportReporter -->
<testsuite skipped="0" hostname="apples-MacBook-Pro.local" name="com.MyCompany.SeleniumAutomationTestingDemo.UsingOfThisAndSuper" tests="1" failures="0" timestamp="2021-06-08T15:30:50 IST" time="0.014" errors="0">
  <testcase name="testing" time="0.014" classname="com.MyCompany.SeleniumAutomationTestingDemo.UsingOfThisAndSuper"/>
</testsuite> <!-- com.MyCompany.SeleniumAutomationTestingDemo.UsingOfThisAndSuper -->
