<?xml version="1.0" encoding="UTF-8"?>
<!-- Generated by org.testng.reporters.JUnitReportReporter -->
<testsuite skipped="0" hostname="apples-MacBook-Pro.local" name="com.MyCompany.SeleniumTests.BrowserLanuch" tests="1" failures="0" timestamp="2021-06-14T10:11:19 IST" time="21.126" errors="0">
  <testcase name="launchBrowser" time="21.126" classname="com.MyCompany.SeleniumTests.BrowserLanuch"/>
</testsuite> <!-- com.MyCompany.SeleniumTests.BrowserLanuch -->
