<?xml version="1.0" encoding="UTF-8"?>
<!-- Generated by org.testng.reporters.JUnitReportReporter -->
<testsuite skipped="0" hostname="apples-MacBook-Pro.local" name="com.MyCompany.SeleniumAutomationTestingDemo.ChildClass" tests="1" failures="0" timestamp="2021-06-07T19:15:18 IST" time="0.036" errors="0">
  <testcase name="childTest" time="0.036" classname="com.MyCompany.SeleniumAutomationTestingDemo.ChildClass"/>
</testsuite> <!-- com.MyCompany.SeleniumAutomationTestingDemo.ChildClass -->
