<?xml version="1.0" encoding="UTF-8"?>
<!-- Generated by org.testng.reporters.JUnitReportReporter -->
<testsuite skipped="0" hostname="apples-MacBook-Pro.local" name="com.MyCompany.SeleniumTests.DropDownHandle" tests="1" failures="0" timestamp="2021-06-25T11:08:07 IST" time="9.557" errors="0">
  <testcase name="loginAsAdmin" time="9.557" classname="com.MyCompany.SeleniumTests.DropDownHandle"/>
</testsuite> <!-- com.MyCompany.SeleniumTests.DropDownHandle -->
