<?xml version="1.0" encoding="UTF-8"?>
<!-- Generated by org.testng.reporters.JUnitReportReporter -->
<testsuite skipped="0" hostname="apples-MacBook-Pro.local" name="com.MyCompany.SeleniumTests.DropDownHandle" tests="1" failures="0" timestamp="2021-06-26T10:38:36 IST" time="8.599" errors="0">
  <testcase name="loginAsAdmin" time="8.599" classname="com.MyCompany.SeleniumTests.DropDownHandle"/>
</testsuite> <!-- com.MyCompany.SeleniumTests.DropDownHandle -->
