<?xml version="1.0" encoding="UTF-8"?>
<!-- Generated by org.testng.reporters.JUnitReportReporter -->
<testsuite skipped="0" hostname="apples-MacBook-Pro.local" name="com.MyCompany.SeleniumTests.ElementVerifivations" tests="1" failures="0" timestamp="2021-06-28T10:35:28 IST" time="11.912" errors="0">
  <testcase name="loginAsAdmin" time="11.912" classname="com.MyCompany.SeleniumTests.ElementVerifivations"/>
</testsuite> <!-- com.MyCompany.SeleniumTests.ElementVerifivations -->
