<?xml version="1.0" encoding="UTF-8"?>
<!-- Generated by org.testng.reporters.JUnitReportReporter -->
<testsuite skipped="0" hostname="apples-MacBook-Pro.local" name="com.MyCompany.TestNGTests.TestNGAnatations" tests="2" failures="0" timestamp="2021-07-08T11:06:48 IST" time="0.009" errors="0">
  <testcase name="test1" time="0.006" classname="com.MyCompany.TestNGTests.TestNGAnatations"/>
  <testcase name="test2" time="0.003" classname="com.MyCompany.TestNGTests.TestNGAnatations"/>
</testsuite> <!-- com.MyCompany.TestNGTests.TestNGAnatations -->
