<?xml version="1.0" encoding="UTF-8"?>
<!-- Generated by org.testng.reporters.JUnitReportReporter -->
<testsuite skipped="0" hostname="apples-MacBook-Pro.local" name="com.MyCompany.SeleniumAutomationTestingDemo.CurrentTimeAndEndTime" tests="1" failures="0" timestamp="2021-06-08T06:22:23 IST" time="5.066" errors="0">
  <testcase name="test" time="5.066" classname="com.MyCompany.SeleniumAutomationTestingDemo.CurrentTimeAndEndTime"/>
</testsuite> <!-- com.MyCompany.SeleniumAutomationTestingDemo.CurrentTimeAndEndTime -->
