<?xml version="1.0" encoding="UTF-8"?>
<!-- Generated by org.testng.reporters.JUnitReportReporter -->
<testsuite skipped="0" hostname="apples-MacBook-Pro.local" name="com.MyCompany.SeleniumTests.HandleMultipleTabsOrWindows" tests="1" failures="0" timestamp="2021-07-07T11:17:14 IST" time="14.338" errors="0">
  <testcase name="loginAsAdmin" time="14.338" classname="com.MyCompany.SeleniumTests.HandleMultipleTabsOrWindows"/>
</testsuite> <!-- com.MyCompany.SeleniumTests.HandleMultipleTabsOrWindows -->
