<?xml version="1.0" encoding="UTF-8"?>
<!-- Generated by org.testng.reporters.JUnitReportReporter -->
<testsuite skipped="0" hostname="apples-MacBook-Pro.local" name="com.MyCompany.SeleniumTests.HandleAlerts" tests="1" failures="0" timestamp="2021-07-09T16:42:41 IST" time="25.372" errors="0">
  <testcase name="jsPromtTest" time="25.372" classname="com.MyCompany.SeleniumTests.HandleAlerts"/>
</testsuite> <!-- com.MyCompany.SeleniumTests.HandleAlerts -->
