<?xml version="1.0" encoding="UTF-8"?>
<!-- Generated by org.testng.reporters.JUnitReportReporter -->
<testsuite skipped="0" hostname="apples-MacBook-Pro.local" name="com.MyCompany.SeleniumAutomationTestingDemo.NewCSV" tests="1" failures="0" timestamp="2021-06-16T09:58:58 IST" time="0.010" errors="0">
  <testcase name="test" time="0.010" classname="com.MyCompany.SeleniumAutomationTestingDemo.NewCSV"/>
</testsuite> <!-- com.MyCompany.SeleniumAutomationTestingDemo.NewCSV -->
