<?xml version="1.0" encoding="UTF-8"?>
<!-- Generated by org.testng.reporters.JUnitReportReporter -->
<testsuite skipped="0" hostname="apples-MacBook-Pro.local" name="com.MyCompany.SeleniumTests.ListOfItems" tests="1" failures="0" timestamp="2021-07-22T10:46:16 IST" time="8.528" errors="0">
  <testcase name="loginAsAdmin" time="8.528" classname="com.MyCompany.SeleniumTests.ListOfItems"/>
</testsuite> <!-- com.MyCompany.SeleniumTests.ListOfItems -->
