<?xml version="1.0" encoding="UTF-8"?>
<!-- Generated by org.testng.reporters.JUnitReportReporter -->
<testsuite skipped="0" hostname="apples-MacBook-Pro.local" name="com.MyCompany.SeleniumTests.DriverTest" tests="1" failures="0" timestamp="2021-06-20T15:55:28 IST" time="23.666" errors="0">
  <testcase name="test1" time="23.666" classname="com.MyCompany.SeleniumTests.DriverTest"/>
</testsuite> <!-- com.MyCompany.SeleniumTests.DriverTest -->
