<?xml version="1.0" encoding="UTF-8"?>
<!-- Generated by org.testng.reporters.JUnitReportReporter -->
<testsuite skipped="0" hostname="apples-MacBook-Pro.local" name="com.MyCompany.SeleniumTests.LinkText" tests="1" failures="0" timestamp="2021-06-21T10:30:59 IST" time="29.616" errors="0">
  <testcase name="linkText" time="29.616" classname="com.MyCompany.SeleniumTests.LinkText"/>
</testsuite> <!-- com.MyCompany.SeleniumTests.LinkText -->
