<?xml version="1.0" encoding="UTF-8"?>
<!-- Generated by org.testng.reporters.JUnitReportReporter -->
<testsuite skipped="0" hostname="apples-MacBook-Pro.local" name="com.MyCompany.SeleniumTests.HandleBasicAuthentication" tests="1" failures="0" timestamp="2021-07-08T10:49:25 IST" time="4.867" errors="0">
  <testcase name="loginAsAdmin" time="4.867" classname="com.MyCompany.SeleniumTests.HandleBasicAuthentication"/>
</testsuite> <!-- com.MyCompany.SeleniumTests.HandleBasicAuthentication -->
