<?xml version="1.0" encoding="UTF-8"?>
<!-- Generated by org.testng.reporters.JUnitReportReporter -->
<testsuite skipped="0" hostname="apples-MacBook-Pro.local" name="com.MyCompany.SeleniumAutomationTestingDemo.WriteDataToCSV" tests="1" failures="0" timestamp="2021-06-16T08:52:07 IST" time="0.009" errors="0">
  <testcase name="writeToCSV" time="0.009" classname="com.MyCompany.SeleniumAutomationTestingDemo.WriteDataToCSV"/>
</testsuite> <!-- com.MyCompany.SeleniumAutomationTestingDemo.WriteDataToCSV -->
