<?xml version="1.0" encoding="UTF-8"?>
<!-- Generated by org.testng.reporters.JUnitReportReporter -->
<testsuite skipped="0" hostname="apples-MacBook-Pro.local" name="com.MyCompany.SeleniumAutomationTestingDemo.MethodOverLoading" tests="1" failures="0" timestamp="2021-06-13T16:23:52 IST" time="0.031" errors="0">
  <testcase name="testOverLoading" time="0.031" classname="com.MyCompany.SeleniumAutomationTestingDemo.MethodOverLoading"/>
</testsuite> <!-- com.MyCompany.SeleniumAutomationTestingDemo.MethodOverLoading -->
