<?xml version="1.0" encoding="UTF-8"?>
<!-- Generated by org.testng.reporters.JUnitReportReporter -->
<testsuite skipped="0" hostname="apples-MacBook-Pro.local" name="com.MyCompany.SeleniumTests.HandleFrames" tests="1" failures="0" timestamp="2021-07-18T10:38:22 IST" time="4.661" errors="0">
  <testcase name="switchToSingleiFrame" time="4.661" classname="com.MyCompany.SeleniumTests.HandleFrames"/>
</testsuite> <!-- com.MyCompany.SeleniumTests.HandleFrames -->
