<?xml version="1.0" encoding="UTF-8"?>
<!-- Generated by org.testng.reporters.JUnitReportReporter -->
<testsuite skipped="0" hostname="apples-MacBook-Pro.local" name="com.MyCompany.SeleniumTests.HandleWithJavaScriptExecutor" tests="1" failures="0" timestamp="2021-07-18T11:16:24 IST" time="24.841" errors="0">
  <testcase name="switchToSingleiFrame" time="24.841" classname="com.MyCompany.SeleniumTests.HandleWithJavaScriptExecutor"/>
</testsuite> <!-- com.MyCompany.SeleniumTests.HandleWithJavaScriptExecutor -->
