<?xml version="1.0" encoding="UTF-8"?>
<!-- Generated by org.testng.reporters.JUnitReportReporter -->
<testsuite skipped="0" hostname="apples-MacBook-Pro.local" name="com.MyCompany.SeleniumTests.VerifyMultipleElements" tests="1" failures="0" timestamp="2021-07-19T10:51:17 IST" time="5.989" errors="0">
  <testcase name="loginAsAdmin" time="5.989" classname="com.MyCompany.SeleniumTests.VerifyMultipleElements"/>
</testsuite> <!-- com.MyCompany.SeleniumTests.VerifyMultipleElements -->
