<?xml version="1.0" encoding="UTF-8"?>
<!-- Generated by org.testng.reporters.JUnitReportReporter -->
<testsuite skipped="0" hostname="apples-MacBook-Pro.local" name="com.MyCompany.SeleniumAutomationTestingDemo.DropDown" tests="1" failures="0" timestamp="2021-06-26T09:35:46 IST" time="15.180" errors="0">
  <testcase name="loginAsAdmin" time="15.180" classname="com.MyCompany.SeleniumAutomationTestingDemo.DropDown"/>
</testsuite> <!-- com.MyCompany.SeleniumAutomationTestingDemo.DropDown -->
