<?xml version="1.0" encoding="UTF-8"?>
<!-- Generated by org.testng.reporters.JUnitReportReporter -->
<testsuite skipped="0" hostname="apples-MacBook-Pro.local" name="com.MyCompany.SeleniumAutomationTestingDemo.ExceptionHandling" tests="1" failures="0" timestamp="2021-07-17T11:45:42 IST" time="7.037" errors="0">
  <testcase name="test1" time="7.037" classname="com.MyCompany.SeleniumAutomationTestingDemo.ExceptionHandling"/>
</testsuite> <!-- com.MyCompany.SeleniumAutomationTestingDemo.ExceptionHandling -->
